<?xml version="1.0" encoding="UTF-8"?>
<coverage generated="1757741612979" clover="3.2.0">
  <project timestamp="1757741612979" name="All files">
    <metrics statements="192" coveredstatements="20" conditionals="82" coveredconditionals="3" methods="30" coveredmethods="2" elements="304" coveredelements="25" complexity="0" loc="192" ncloc="192" packages="1" files="1" classes="1"/>
    <file name="server.ts" path="C:\Users\KIIT\Desktop\web_devlopment\Move37\src\websocket\server.ts">
      <metrics statements="192" coveredstatements="20" conditionals="82" coveredconditionals="3" methods="30" coveredmethods="2"/>
      <line num="2" count="1" type="stmt"/>
      <line num="3" count="1" type="stmt"/>
      <line num="4" count="1" type="stmt"/>
      <line num="5" count="1" type="stmt"/>
      <line num="51" count="1" type="stmt"/>
      <line num="52" count="1" type="stmt"/>
      <line num="55" count="1" type="stmt"/>
      <line num="63" count="1" type="stmt"/>
      <line num="64" count="1" type="stmt"/>
      <line num="65" count="1" type="stmt"/>
      <line num="66" count="1" type="stmt"/>
      <line num="70" count="0" type="stmt"/>
      <line num="71" count="0" type="stmt"/>
      <line num="72" count="0" type="stmt"/>
      <line num="85" count="0" type="cond" truecount="0" falsecount="2"/>
      <line num="88" count="0" type="stmt"/>
      <line num="91" count="0" type="stmt"/>
      <line num="95" count="0" type="cond" truecount="0" falsecount="2"/>
      <line num="96" count="0" type="stmt"/>
      <line num="106" count="0" type="cond" truecount="0" falsecount="2"/>
      <line num="107" count="0" type="stmt"/>
      <line num="111" count="0" type="stmt"/>
      <line num="117" count="0" type="stmt"/>
      <line num="118" count="0" type="stmt"/>
      <line num="120" count="0" type="stmt"/>
      <line num="126" count="0" type="stmt"/>
      <line num="127" count="0" type="stmt"/>
      <line num="129" count="0" type="stmt"/>
      <line num="130" count="0" type="cond" truecount="0" falsecount="2"/>
      <line num="131" count="0" type="stmt"/>
      <line num="137" count="1" type="stmt"/>
      <line num="139" count="1" type="stmt"/>
      <line num="140" count="1" type="stmt"/>
      <line num="154" count="0" type="cond" truecount="0" falsecount="2"/>
      <line num="155" count="0" type="stmt"/>
      <line num="158" count="0" type="stmt"/>
      <line num="159" count="0" type="stmt"/>
      <line num="160" count="0" type="cond" truecount="0" falsecount="2"/>
      <line num="161" count="0" type="stmt"/>
      <line num="164" count="0" type="cond" truecount="0" falsecount="6"/>
      <line num="165" count="0" type="stmt"/>
      <line num="168" count="0" type="stmt"/>
      <line num="177" count="1" type="stmt"/>
      <line num="178" count="1" type="stmt"/>
      <line num="180" count="1" type="cond" truecount="1" falsecount="1"/>
      <line num="181" count="1" type="stmt"/>
      <line num="184" count="0" type="stmt"/>
      <line num="185" count="0" type="stmt"/>
      <line num="186" count="0" type="stmt"/>
      <line num="187" count="0" type="stmt"/>
      <line num="188" count="0" type="stmt"/>
      <line num="190" count="0" type="stmt"/>
      <line num="194" count="1" type="stmt"/>
      <line num="195" count="0" type="stmt"/>
      <line num="197" count="0" type="cond" truecount="0" falsecount="2"/>
      <line num="198" count="0" type="stmt"/>
      <line num="207" count="0" type="stmt"/>
      <line num="208" count="0" type="stmt"/>
      <line num="209" count="0" type="cond" truecount="0" falsecount="2"/>
      <line num="210" count="0" type="stmt"/>
      <line num="215" count="0" type="stmt"/>
      <line num="216" count="0" type="stmt"/>
      <line num="217" count="0" type="stmt"/>
      <line num="220" count="0" type="stmt"/>
      <line num="221" count="0" type="cond" truecount="0" falsecount="2"/>
      <line num="222" count="0" type="stmt"/>
      <line num="224" count="0" type="cond" truecount="0" falsecount="2"/>
      <line num="225" count="0" type="stmt"/>
      <line num="227" count="0" type="stmt"/>
      <line num="230" count="0" type="stmt"/>
      <line num="244" count="0" type="stmt"/>
      <line num="245" count="0" type="stmt"/>
      <line num="246" count="0" type="stmt"/>
      <line num="247" count="0" type="stmt"/>
      <line num="248" count="0" type="stmt"/>
      <line num="252" count="0" type="stmt"/>
      <line num="254" count="0" type="stmt"/>
      <line num="255" count="0" type="stmt"/>
      <line num="256" count="0" type="stmt"/>
      <line num="257" count="0" type="stmt"/>
      <line num="260" count="0" type="stmt"/>
      <line num="263" count="0" type="stmt"/>
      <line num="264" count="0" type="stmt"/>
      <line num="266" count="0" type="stmt"/>
      <line num="267" count="0" type="stmt"/>
      <line num="268" count="0" type="cond" truecount="0" falsecount="2"/>
      <line num="269" count="0" type="stmt"/>
      <line num="273" count="0" type="cond" truecount="0" falsecount="2"/>
      <line num="274" count="0" type="stmt"/>
      <line num="275" count="0" type="stmt"/>
      <line num="276" count="0" type="stmt"/>
      <line num="288" count="0" type="cond" truecount="0" falsecount="2"/>
      <line num="289" count="0" type="stmt"/>
      <line num="292" count="0" type="stmt"/>
      <line num="297" count="0" type="stmt"/>
      <line num="300" count="0" type="cond" truecount="0" falsecount="2"/>
      <line num="301" count="0" type="stmt"/>
      <line num="304" count="0" type="stmt"/>
      <line num="305" count="0" type="stmt"/>
      <line num="308" count="0" type="cond" truecount="0" falsecount="2"/>
      <line num="309" count="0" type="stmt"/>
      <line num="313" count="0" type="stmt"/>
      <line num="314" count="0" type="stmt"/>
      <line num="315" count="0" type="stmt"/>
      <line num="323" count="0" type="stmt"/>
      <line num="330" count="0" type="stmt"/>
      <line num="337" count="0" type="cond" truecount="0" falsecount="2"/>
      <line num="338" count="0" type="stmt"/>
      <line num="341" count="0" type="stmt"/>
      <line num="342" count="0" type="stmt"/>
      <line num="347" count="0" type="stmt"/>
      <line num="348" count="0" type="stmt"/>
      <line num="350" count="0" type="cond" truecount="0" falsecount="2"/>
      <line num="351" count="0" type="stmt"/>
      <line num="354" count="0" type="stmt"/>
      <line num="355" count="0" type="stmt"/>
      <line num="356" count="0" type="cond" truecount="0" falsecount="2"/>
      <line num="357" count="0" type="stmt"/>
      <line num="363" count="0" type="stmt"/>
      <line num="364" count="0" type="stmt"/>
      <line num="365" count="0" type="stmt"/>
      <line num="368" count="0" type="cond" truecount="0" falsecount="2"/>
      <line num="370" count="0" type="cond" truecount="0" falsecount="2"/>
      <line num="371" count="0" type="cond" truecount="0" falsecount="2"/>
      <line num="372" count="0" type="stmt"/>
      <line num="376" count="0" type="stmt"/>
      <line num="378" count="0" type="stmt"/>
      <line num="379" count="0" type="stmt"/>
      <line num="381" count="0" type="stmt"/>
      <line num="383" count="0" type="stmt"/>
      <line num="384" count="0" type="stmt"/>
      <line num="386" count="0" type="stmt"/>
      <line num="388" count="0" type="stmt"/>
      <line num="393" count="0" type="cond" truecount="0" falsecount="4"/>
      <line num="394" count="0" type="stmt"/>
      <line num="398" count="0" type="stmt"/>
      <line num="410" count="0" type="cond" truecount="0" falsecount="2"/>
      <line num="412" count="0" type="cond" truecount="0" falsecount="2"/>
      <line num="413" count="0" type="stmt"/>
      <line num="417" count="0" type="stmt"/>
      <line num="420" count="0" type="stmt"/>
      <line num="424" count="0" type="stmt"/>
      <line num="431" count="0" type="stmt"/>
      <line num="435" count="0" type="stmt"/>
      <line num="436" count="0" type="cond" truecount="0" falsecount="2"/>
      <line num="437" count="0" type="stmt"/>
      <line num="441" count="0" type="stmt"/>
      <line num="444" count="0" type="stmt"/>
      <line num="453" count="0" type="cond" truecount="0" falsecount="2"/>
      <line num="454" count="0" type="stmt"/>
      <line num="463" count="0" type="stmt"/>
      <line num="464" count="0" type="stmt"/>
      <line num="468" count="0" type="stmt"/>
      <line num="471" count="0" type="stmt"/>
      <line num="472" count="0" type="stmt"/>
      <line num="477" count="0" type="stmt"/>
      <line num="478" count="0" type="stmt"/>
      <line num="480" count="0" type="stmt"/>
      <line num="481" count="0" type="stmt"/>
      <line num="482" count="0" type="cond" truecount="0" falsecount="2"/>
      <line num="483" count="0" type="stmt"/>
      <line num="486" count="0" type="cond" truecount="0" falsecount="2"/>
      <line num="487" count="0" type="stmt"/>
      <line num="489" count="0" type="stmt"/>
      <line num="494" count="0" type="stmt"/>
      <line num="498" count="0" type="stmt"/>
      <line num="499" count="0" type="stmt"/>
      <line num="504" count="0" type="stmt"/>
      <line num="505" count="0" type="stmt"/>
      <line num="507" count="0" type="stmt"/>
      <line num="509" count="0" type="stmt"/>
      <line num="510" count="0" type="cond" truecount="0" falsecount="2"/>
      <line num="511" count="0" type="stmt"/>
      <line num="514" count="0" type="cond" truecount="0" falsecount="4"/>
      <line num="515" count="0" type="stmt"/>
      <line num="519" count="0" type="cond" truecount="0" falsecount="2"/>
      <line num="520" count="0" type="stmt"/>
      <line num="523" count="0" type="stmt"/>
      <line num="527" count="0" type="stmt"/>
      <line num="539" count="0" type="stmt"/>
      <line num="540" count="0" type="stmt"/>
      <line num="541" count="0" type="stmt"/>
      <line num="549" count="0" type="stmt"/>
      <line num="550" count="0" type="stmt"/>
      <line num="552" count="0" type="stmt"/>
      <line num="553" count="0" type="cond" truecount="0" falsecount="2"/>
      <line num="554" count="0" type="stmt"/>
      <line num="564" count="0" type="stmt"/>
      <line num="567" count="0" type="stmt"/>
      <line num="568" count="0" type="stmt"/>
      <line num="569" count="0" type="stmt"/>
      <line num="573" count="1" type="stmt"/>
    </file>
  </project>
</coverage>
