TN:
SF:src\websocket\server.ts
FN:69,getPollWithVotes
FN:91,(anonymous_2)
FN:125,cleanupInactiveUsers
FN:139,setupWebSocket
FN:153,verifyToken
FN:158,(anonymous_6)
FN:159,(anonymous_7)
FN:177,(anonymous_8)
FN:194,(anonymous_9)
FN:207,(anonymous_10)
FN:215,(anonymous_11)
FN:220,(anonymous_12)
FN:230,(anonymous_13)
FN:244,(anonymous_14)
FN:246,(anonymous_15)
FN:254,(anonymous_16)
FN:263,(anonymous_17)
FN:314,(anonymous_18)
FN:315,(anonymous_19)
FN:347,(anonymous_20)
FN:386,(anonymous_21)
FN:477,(anonymous_22)
FN:489,(anonymous_23)
FN:494,(anonymous_24)
FN:504,(anonymous_25)
FN:527,(anonymous_26)
FN:539,(anonymous_27)
FN:549,(anonymous_28)
FN:552,(anonymous_29)
FN:567,(anonymous_30)
FNF:30
FNH:2
FNDA:0,getPollWithVotes
FNDA:0,(anonymous_2)
FNDA:0,cleanupInactiveUsers
FNDA:1,setupWebSocket
FNDA:0,verifyToken
FNDA:0,(anonymous_6)
FNDA:0,(anonymous_7)
FNDA:1,(anonymous_8)
FNDA:0,(anonymous_9)
FNDA:0,(anonymous_10)
FNDA:0,(anonymous_11)
FNDA:0,(anonymous_12)
FNDA:0,(anonymous_13)
FNDA:0,(anonymous_14)
FNDA:0,(anonymous_15)
FNDA:0,(anonymous_16)
FNDA:0,(anonymous_17)
FNDA:0,(anonymous_18)
FNDA:0,(anonymous_19)
FNDA:0,(anonymous_20)
FNDA:0,(anonymous_21)
FNDA:0,(anonymous_22)
FNDA:0,(anonymous_23)
FNDA:0,(anonymous_24)
FNDA:0,(anonymous_25)
FNDA:0,(anonymous_26)
FNDA:0,(anonymous_27)
FNDA:0,(anonymous_28)
FNDA:0,(anonymous_29)
FNDA:0,(anonymous_30)
DA:2,1
DA:3,1
DA:4,1
DA:5,1
DA:51,1
DA:52,1
DA:55,1
DA:63,1
DA:64,1
DA:65,1
DA:66,1
DA:70,0
DA:71,0
DA:72,0
DA:85,0
DA:88,0
DA:91,0
DA:95,0
DA:96,0
DA:106,0
DA:107,0
DA:111,0
DA:117,0
DA:118,0
DA:120,0
DA:126,0
DA:127,0
DA:129,0
DA:130,0
DA:131,0
DA:137,1
DA:139,1
DA:140,1
DA:154,0
DA:155,0
DA:158,0
DA:159,0
DA:160,0
DA:161,0
DA:164,0
DA:165,0
DA:168,0
DA:177,1
DA:178,1
DA:180,1
DA:181,1
DA:184,0
DA:185,0
DA:186,0
DA:187,0
DA:188,0
DA:190,0
DA:194,1
DA:195,0
DA:197,0
DA:198,0
DA:207,0
DA:208,0
DA:209,0
DA:210,0
DA:215,0
DA:216,0
DA:217,0
DA:220,0
DA:221,0
DA:222,0
DA:224,0
DA:225,0
DA:227,0
DA:230,0
DA:244,0
DA:245,0
DA:246,0
DA:247,0
DA:248,0
DA:252,0
DA:254,0
DA:255,0
DA:256,0
DA:257,0
DA:260,0
DA:263,0
DA:264,0
DA:266,0
DA:267,0
DA:268,0
DA:269,0
DA:273,0
DA:274,0
DA:275,0
DA:276,0
DA:288,0
DA:289,0
DA:292,0
DA:297,0
DA:300,0
DA:301,0
DA:304,0
DA:305,0
DA:308,0
DA:309,0
DA:313,0
DA:314,0
DA:315,0
DA:323,0
DA:330,0
DA:337,0
DA:338,0
DA:341,0
DA:342,0
DA:347,0
DA:348,0
DA:350,0
DA:351,0
DA:354,0
DA:355,0
DA:356,0
DA:357,0
DA:363,0
DA:364,0
DA:365,0
DA:368,0
DA:370,0
DA:371,0
DA:372,0
DA:376,0
DA:378,0
DA:379,0
DA:381,0
DA:383,0
DA:384,0
DA:386,0
DA:388,0
DA:393,0
DA:394,0
DA:398,0
DA:410,0
DA:412,0
DA:413,0
DA:417,0
DA:420,0
DA:424,0
DA:431,0
DA:435,0
DA:436,0
DA:437,0
DA:441,0
DA:444,0
DA:453,0
DA:454,0
DA:463,0
DA:464,0
DA:468,0
DA:471,0
DA:472,0
DA:477,0
DA:478,0
DA:480,0
DA:481,0
DA:482,0
DA:483,0
DA:486,0
DA:487,0
DA:489,0
DA:494,0
DA:498,0
DA:499,0
DA:504,0
DA:505,0
DA:507,0
DA:509,0
DA:510,0
DA:511,0
DA:514,0
DA:515,0
DA:519,0
DA:520,0
DA:523,0
DA:527,0
DA:539,0
DA:540,0
DA:541,0
DA:549,0
DA:550,0
DA:552,0
DA:553,0
DA:554,0
DA:564,0
DA:567,0
DA:568,0
DA:569,0
DA:573,1
LF:192
LH:20
BRDA:85,0,0,0
BRDA:85,0,1,0
BRDA:95,1,0,0
BRDA:95,1,1,0
BRDA:106,2,0,0
BRDA:106,2,1,0
BRDA:130,3,0,0
BRDA:130,3,1,0
BRDA:143,4,0,1
BRDA:143,4,1,1
BRDA:154,5,0,0
BRDA:154,5,1,0
BRDA:160,6,0,0
BRDA:160,6,1,0
BRDA:164,7,0,0
BRDA:164,7,1,0
BRDA:164,8,0,0
BRDA:164,8,1,0
BRDA:164,8,2,0
BRDA:164,8,3,0
BRDA:180,9,0,1
BRDA:180,9,1,0
BRDA:197,10,0,0
BRDA:197,10,1,0
BRDA:200,11,0,0
BRDA:200,11,1,0
BRDA:209,12,0,0
BRDA:209,12,1,0
BRDA:221,13,0,0
BRDA:221,13,1,0
BRDA:224,14,0,0
BRDA:224,14,1,0
BRDA:268,15,0,0
BRDA:268,15,1,0
BRDA:273,16,0,0
BRDA:273,16,1,0
BRDA:288,17,0,0
BRDA:288,17,1,0
BRDA:300,18,0,0
BRDA:300,18,1,0
BRDA:308,19,0,0
BRDA:308,19,1,0
BRDA:337,20,0,0
BRDA:337,20,1,0
BRDA:350,21,0,0
BRDA:350,21,1,0
BRDA:356,22,0,0
BRDA:356,22,1,0
BRDA:368,23,0,0
BRDA:368,23,1,0
BRDA:370,24,0,0
BRDA:370,24,1,0
BRDA:371,25,0,0
BRDA:371,25,1,0
BRDA:393,26,0,0
BRDA:393,26,1,0
BRDA:393,27,0,0
BRDA:393,27,1,0
BRDA:410,28,0,0
BRDA:410,28,1,0
BRDA:412,29,0,0
BRDA:412,29,1,0
BRDA:436,30,0,0
BRDA:436,30,1,0
BRDA:453,31,0,0
BRDA:453,31,1,0
BRDA:465,32,0,0
BRDA:465,32,1,0
BRDA:482,33,0,0
BRDA:482,33,1,0
BRDA:486,34,0,0
BRDA:486,34,1,0
BRDA:510,35,0,0
BRDA:510,35,1,0
BRDA:514,36,0,0
BRDA:514,36,1,0
BRDA:514,37,0,0
BRDA:514,37,1,0
BRDA:519,38,0,0
BRDA:519,38,1,0
BRDA:553,39,0,0
BRDA:553,39,1,0
BRF:82
BRH:3
end_of_record
